<?xml version="1.0" encoding="UTF-8"?>
<testsuite name="social_network.repo.database.FriendsDBTest" tests="2" skipped="0" failures="0" errors="0" timestamp="2022-12-05T21:44:54" hostname="R7MIRI" time="5.227">
  <properties/>
  <testcase name="add()" classname="social_network.repo.database.FriendsDBTest" time="2.668"/>
  <testcase name="removeAllFriends()" classname="social_network.repo.database.FriendsDBTest" time="2.556"/>
  <system-out><![CDATA[]]></system-out>
  <system-err><![CDATA[]]></system-err>
</testsuite>
