<?xml version="1.0" encoding="UTF-8"?>
<testsuite name="repo.FriendsTest" tests="3" skipped="0" failures="0" errors="0" timestamp="2022-12-05T21:44:19" hostname="R7MIRI" time="0.018">
  <properties/>
  <testcase name="getAll()" classname="repo.FriendsTest" time="0.012"/>
  <testcase name="remove()" classname="repo.FriendsTest" time="0.001"/>
  <testcase name="add()" classname="repo.FriendsTest" time="0.002"/>
  <system-out><![CDATA[]]></system-out>
  <system-err><![CDATA[]]></system-err>
</testsuite>
