<?xml version="1.0" encoding="UTF-8"?>
<testsuite name="domain.validators.UserValidatorTest" tests="1" skipped="0" failures="0" errors="0" timestamp="2022-12-05T21:44:19" hostname="R7MIRI" time="0.003">
  <properties/>
  <testcase name="validate()" classname="domain.validators.UserValidatorTest" time="0.003"/>
  <system-out><![CDATA[]]></system-out>
  <system-err><![CDATA[]]></system-err>
</testsuite>
