<?xml version="1.0" encoding="UTF-8"?>
<testsuite name="repo.UsersTest" tests="3" skipped="0" failures="0" errors="0" timestamp="2022-12-05T21:44:19" hostname="R7MIRI" time="0.007">
  <properties/>
  <testcase name="remove()" classname="repo.UsersTest" time="0.001"/>
  <testcase name="add()" classname="repo.UsersTest" time="0.003"/>
  <testcase name="getUsers()" classname="repo.UsersTest" time="0.001"/>
  <system-out><![CDATA[]]></system-out>
  <system-err><![CDATA[]]></system-err>
</testsuite>
