<?xml version="1.0" encoding="UTF-8"?>
<testsuite name="repo.file.FriendsFileUserRepositoryTest" tests="2" skipped="0" failures="0" errors="0" timestamp="2022-12-05T21:44:19" hostname="R7MIRI" time="0.047">
  <properties/>
  <testcase name="writeToFile()" classname="repo.file.FriendsFileUserRepositoryTest" time="0.034"/>
  <testcase name="creation()" classname="repo.file.FriendsFileUserRepositoryTest" time="0.001"/>
  <system-out><![CDATA[]]></system-out>
  <system-err><![CDATA[]]></system-err>
</testsuite>
