<?xml version="1.0" encoding="UTF-8"?>
<testsuite name="domain.UserTest" tests="4" skipped="0" failures="0" errors="0" timestamp="2022-12-05T21:44:19" hostname="R7MIRI" time="0.041">
  <properties/>
  <testcase name="setPassword()" classname="domain.UserTest" time="0.032"/>
  <testcase name="getPassword()" classname="domain.UserTest" time="0.002"/>
  <testcase name="setUsername()" classname="domain.UserTest" time="0.001"/>
  <testcase name="getUsername()" classname="domain.UserTest" time="0.002"/>
  <system-out><![CDATA[]]></system-out>
  <system-err><![CDATA[]]></system-err>
</testsuite>
